[2021-02-04T14:16:36.036Z] [INFO ] Starting FlightManagementApp using Java 1.8.0_131 on msgn14297 with PID 14608 (T:\50_WORKSPACES\Training_Workspace\flight-management\target\classes started by keszef in T:\50_WORKSPACES\Training_Workspace\flight-management)
[2021-02-04T14:16:36.036Z] [INFO ] No active profile set, falling back to default profiles: default
[2021-02-04T14:16:38.038Z] [INFO ] Initializing ProtocolHandler ["http-nio-8081"]
[2021-02-04T14:16:38.038Z] [INFO ] Starting service [Tomcat]
[2021-02-04T14:16:38.038Z] [INFO ] Starting Servlet engine: [Apache Tomcat/9.0.41]
[2021-02-04T14:16:39.039Z] [INFO ] Initializing Spring embedded WebApplicationContext
[2021-02-04T14:16:39.039Z] [INFO ] HikariPool-1 - Starting...
[2021-02-04T14:16:39.039Z] [WARN ] Registered driver with driverClassName=com.mysql.jdbc.Driver was not found, trying direct instantiation.
[2021-02-04T14:16:40.040Z] [INFO ] HikariPool-1 - Start completed.
[2021-02-04T14:16:44.044Z] [INFO ] Starting ProtocolHandler ["http-nio-8081"]
[2021-02-04T14:16:44.044Z] [INFO ] Started FlightManagementApp in 8.202 seconds (JVM running for 8.787)
[2021-02-04T14:16:46.046Z] [INFO ] Initializing Spring DispatcherServlet 'dispatcherServlet'
[2021-02-04T14:20:57.057Z] [INFO ] Starting FlightManagementApp using Java 1.8.0_131 on msgn14297 with PID 14652 (T:\50_WORKSPACES\Training_Workspace\flight-management\target\classes started by keszef in T:\50_WORKSPACES\Training_Workspace\flight-management)
[2021-02-04T14:20:57.057Z] [INFO ] No active profile set, falling back to default profiles: default
[2021-02-04T14:21:00.000Z] [INFO ] Initializing ProtocolHandler ["http-nio-8081"]
[2021-02-04T14:21:00.000Z] [INFO ] Starting service [Tomcat]
[2021-02-04T14:21:00.000Z] [INFO ] Starting Servlet engine: [Apache Tomcat/9.0.41]
[2021-02-04T14:21:00.000Z] [INFO ] Initializing Spring embedded WebApplicationContext
[2021-02-04T14:21:00.000Z] [INFO ] HikariPool-1 - Starting...
[2021-02-04T14:21:00.000Z] [WARN ] Registered driver with driverClassName=com.mysql.jdbc.Driver was not found, trying direct instantiation.
[2021-02-04T14:21:01.001Z] [INFO ] HikariPool-1 - Start completed.
[2021-02-04T14:21:04.004Z] [INFO ] Starting ProtocolHandler ["http-nio-8081"]
[2021-02-04T14:21:04.004Z] [INFO ] Started FlightManagementApp in 7.445 seconds (JVM running for 8.038)
[2021-02-04T14:21:15.015Z] [INFO ] Initializing Spring DispatcherServlet 'dispatcherServlet'
[2021-02-04T14:21:25.025Z] [WARN ] JWT Token does not begin with Bearer String
[2021-02-04T14:22:45.045Z] [INFO ] Successfully inserted Airport with id= null
[2021-02-04T14:23:19.019Z] [INFO ] Successfully inserted flight template with id 1.
[2021-02-04T14:23:25.025Z] [INFO ] Successfully deleted airport with id=1
[2021-02-04T14:24:18.018Z] [INFO ] Successfully inserted flight template with id 2.
[2021-02-04T14:24:24.024Z] [ERROR] Cannot delete or update a parent row: a foreign key constraint fails (`flight-manager`.`flight_templates`, CONSTRAINT `FKm69e7cd18wu2bw2ivg7xmew0s` FOREIGN KEY (`plane_id`) REFERENCES `planes` (`id`))
[2021-02-04T14:24:24.024Z] [ERROR] Servlet.service() for servlet [dispatcherServlet] in context with path [] threw exception [Request processing failed; nested exception is org.springframework.dao.DataIntegrityViolationException: could not execute statement; SQL [n/a]; constraint [null]; nested exception is org.hibernate.exception.ConstraintViolationException: could not execute statement] with root cause
java.sql.SQLIntegrityConstraintViolationException: Cannot delete or update a parent row: a foreign key constraint fails (`flight-manager`.`flight_templates`, CONSTRAINT `FKm69e7cd18wu2bw2ivg7xmew0s` FOREIGN KEY (`plane_id`) REFERENCES `planes` (`id`))
	at com.mysql.cj.jdbc.exceptions.SQLError.createSQLException(SQLError.java:117)
	at com.mysql.cj.jdbc.exceptions.SQLError.createSQLException(SQLError.java:97)
	at com.mysql.cj.jdbc.exceptions.SQLExceptionsMapping.translateException(SQLExceptionsMapping.java:122)
	at com.mysql.cj.jdbc.ClientPreparedStatement.executeInternal(ClientPreparedStatement.java:953)
	at com.mysql.cj.jdbc.ClientPreparedStatement.executeUpdateInternal(ClientPreparedStatement.java:1092)
	at com.mysql.cj.jdbc.ClientPreparedStatement.executeUpdateInternal(ClientPreparedStatement.java:1040)
	at com.mysql.cj.jdbc.ClientPreparedStatement.executeLargeUpdate(ClientPreparedStatement.java:1347)
	at com.mysql.cj.jdbc.ClientPreparedStatement.executeUpdate(ClientPreparedStatement.java:1025)
	at com.zaxxer.hikari.pool.ProxyPreparedStatement.executeUpdate(ProxyPreparedStatement.java:61)
	at com.zaxxer.hikari.pool.HikariProxyPreparedStatement.executeUpdate(HikariProxyPreparedStatement.java)
	at org.hibernate.engine.jdbc.internal.ResultSetReturnImpl.executeUpdate(ResultSetReturnImpl.java:197)
	at org.hibernate.engine.jdbc.batch.internal.NonBatchingBatch.addToBatch(NonBatchingBatch.java:46)
	at org.hibernate.persister.entity.AbstractEntityPersister.delete(AbstractEntityPersister.java:3618)
	at org.hibernate.persister.entity.AbstractEntityPersister.delete(AbstractEntityPersister.java:3878)
	at org.hibernate.action.internal.EntityDeleteAction.execute(EntityDeleteAction.java:124)
	at org.hibernate.engine.spi.ActionQueue.executeActions(ActionQueue.java:604)
	at org.hibernate.engine.spi.ActionQueue.lambda$executeActions$1(ActionQueue.java:478)
	at java.util.LinkedHashMap.forEach(LinkedHashMap.java:684)
	at org.hibernate.engine.spi.ActionQueue.executeActions(ActionQueue.java:475)
	at org.hibernate.event.internal.AbstractFlushingEventListener.performExecutions(AbstractFlushingEventListener.java:348)
	at org.hibernate.event.internal.DefaultFlushEventListener.onFlush(DefaultFlushEventListener.java:40)
	at org.hibernate.event.service.internal.EventListenerGroupImpl.fireEventOnEachListener(EventListenerGroupImpl.java:102)
	at org.hibernate.internal.SessionImpl.doFlush(SessionImpl.java:1362)
	at org.hibernate.internal.SessionImpl.managedFlush(SessionImpl.java:453)
	at org.hibernate.internal.SessionImpl.flushBeforeTransactionCompletion(SessionImpl.java:3212)
	at org.hibernate.internal.SessionImpl.beforeTransactionCompletion(SessionImpl.java:2380)
	at org.hibernate.engine.jdbc.internal.JdbcCoordinatorImpl.beforeTransactionCompletion(JdbcCoordinatorImpl.java:447)
	at org.hibernate.resource.transaction.backend.jdbc.internal.JdbcResourceLocalTransactionCoordinatorImpl.beforeCompletionCallback(JdbcResourceLocalTransactionCoordinatorImpl.java:183)
	at org.hibernate.resource.transaction.backend.jdbc.internal.JdbcResourceLocalTransactionCoordinatorImpl.access$300(JdbcResourceLocalTransactionCoordinatorImpl.java:40)
	at org.hibernate.resource.transaction.backend.jdbc.internal.JdbcResourceLocalTransactionCoordinatorImpl$TransactionDriverControlImpl.commit(JdbcResourceLocalTransactionCoordinatorImpl.java:281)
	at org.hibernate.engine.transaction.internal.TransactionImpl.commit(TransactionImpl.java:101)
	at org.springframework.orm.jpa.JpaTransactionManager.doCommit(JpaTransactionManager.java:562)
	at org.springframework.transaction.support.AbstractPlatformTransactionManager.processCommit(AbstractPlatformTransactionManager.java:743)
	at org.springframework.transaction.support.AbstractPlatformTransactionManager.commit(AbstractPlatformTransactionManager.java:711)
	at org.springframework.transaction.interceptor.TransactionAspectSupport.commitTransactionAfterReturning(TransactionAspectSupport.java:654)
	at org.springframework.transaction.interceptor.TransactionAspectSupport.invokeWithinTransaction(TransactionAspectSupport.java:407)
	at org.springframework.transaction.interceptor.TransactionInterceptor.invoke(TransactionInterceptor.java:119)
	at org.springframework.aop.framework.ReflectiveMethodInvocation.proceed(ReflectiveMethodInvocation.java:186)
	at org.springframework.dao.support.PersistenceExceptionTranslationInterceptor.invoke(PersistenceExceptionTranslationInterceptor.java:137)
	at org.springframework.aop.framework.ReflectiveMethodInvocation.proceed(ReflectiveMethodInvocation.java:186)
	at org.springframework.data.jpa.repository.support.CrudMethodMetadataPostProcessor$CrudMethodMetadataPopulatingMethodInterceptor.invoke(CrudMethodMetadataPostProcessor.java:174)
	at org.springframework.aop.framework.ReflectiveMethodInvocation.proceed(ReflectiveMethodInvocation.java:186)
	at org.springframework.aop.interceptor.ExposeInvocationInterceptor.invoke(ExposeInvocationInterceptor.java:97)
	at org.springframework.aop.framework.ReflectiveMethodInvocation.proceed(ReflectiveMethodInvocation.java:186)
	at org.springframework.aop.framework.JdkDynamicAopProxy.invoke(JdkDynamicAopProxy.java:215)
	at com.sun.proxy.$Proxy111.deleteById(Unknown Source)
	at de.msg.flight.service.plane.PlaneService.delete(PlaneService.java:82)
	at de.msg.flight.service.plane.PlaneService.deletePlane(PlaneService.java:60)
	at de.msg.flight.controller.plane.PlaneController.deletePlane(PlaneController.java:85)
	at sun.reflect.NativeMethodAccessorImpl.invoke0(Native Method)
	at sun.reflect.NativeMethodAccessorImpl.invoke(NativeMethodAccessorImpl.java:62)
	at sun.reflect.DelegatingMethodAccessorImpl.invoke(DelegatingMethodAccessorImpl.java:43)
	at java.lang.reflect.Method.invoke(Method.java:498)
	at org.springframework.web.method.support.InvocableHandlerMethod.doInvoke(InvocableHandlerMethod.java:197)
	at org.springframework.web.method.support.InvocableHandlerMethod.invokeForRequest(InvocableHandlerMethod.java:141)
	at org.springframework.web.servlet.mvc.method.annotation.ServletInvocableHandlerMethod.invokeAndHandle(ServletInvocableHandlerMethod.java:106)
	at org.springframework.web.servlet.mvc.method.annotation.RequestMappingHandlerAdapter.invokeHandlerMethod(RequestMappingHandlerAdapter.java:894)
	at org.springframework.web.servlet.mvc.method.annotation.RequestMappingHandlerAdapter.handleInternal(RequestMappingHandlerAdapter.java:808)
	at org.springframework.web.servlet.mvc.method.AbstractHandlerMethodAdapter.handle(AbstractHandlerMethodAdapter.java:87)
	at org.springframework.web.servlet.DispatcherServlet.doDispatch(DispatcherServlet.java:1061)
	at org.springframework.web.servlet.DispatcherServlet.doService(DispatcherServlet.java:961)
	at org.springframework.web.servlet.FrameworkServlet.processRequest(FrameworkServlet.java:1006)
	at org.springframework.web.servlet.FrameworkServlet.doDelete(FrameworkServlet.java:931)
	at javax.servlet.http.HttpServlet.service(HttpServlet.java:658)
	at org.springframework.web.servlet.FrameworkServlet.service(FrameworkServlet.java:883)
	at javax.servlet.http.HttpServlet.service(HttpServlet.java:733)
	at org.apache.catalina.core.ApplicationFilterChain.internalDoFilter(ApplicationFilterChain.java:231)
	at org.apache.catalina.core.ApplicationFilterChain.doFilter(ApplicationFilterChain.java:166)
	at org.apache.tomcat.websocket.server.WsFilter.doFilter(WsFilter.java:53)
	at org.apache.catalina.core.ApplicationFilterChain.internalDoFilter(ApplicationFilterChain.java:193)
	at org.apache.catalina.core.ApplicationFilterChain.doFilter(ApplicationFilterChain.java:166)
	at org.springframework.web.filter.OncePerRequestFilter.doFilter(OncePerRequestFilter.java:113)
	at org.apache.catalina.core.ApplicationFilterChain.internalDoFilter(ApplicationFilterChain.java:193)
	at org.apache.catalina.core.ApplicationFilterChain.doFilter(ApplicationFilterChain.java:166)
	at org.springframework.security.web.FilterChainProxy$VirtualFilterChain.doFilter(FilterChainProxy.java:327)
	at org.springframework.security.web.access.intercept.FilterSecurityInterceptor.invoke(FilterSecurityInterceptor.java:115)
	at org.springframework.security.web.access.intercept.FilterSecurityInterceptor.doFilter(FilterSecurityInterceptor.java:81)
	at org.springframework.security.web.FilterChainProxy$VirtualFilterChain.doFilter(FilterChainProxy.java:336)
	at org.springframework.security.web.access.ExceptionTranslationFilter.doFilter(ExceptionTranslationFilter.java:119)
	at org.springframework.security.web.access.ExceptionTranslationFilter.doFilter(ExceptionTranslationFilter.java:113)
	at org.springframework.security.web.FilterChainProxy$VirtualFilterChain.doFilter(FilterChainProxy.java:336)
	at org.springframework.security.web.session.SessionManagementFilter.doFilter(SessionManagementFilter.java:126)
	at org.springframework.security.web.session.SessionManagementFilter.doFilter(SessionManagementFilter.java:81)
	at org.springframework.security.web.FilterChainProxy$VirtualFilterChain.doFilter(FilterChainProxy.java:336)
	at org.springframework.security.web.authentication.AnonymousAuthenticationFilter.doFilter(AnonymousAuthenticationFilter.java:105)
	at org.springframework.security.web.FilterChainProxy$VirtualFilterChain.doFilter(FilterChainProxy.java:336)
	at org.springframework.security.web.servletapi.SecurityContextHolderAwareRequestFilter.doFilter(SecurityContextHolderAwareRequestFilter.java:149)
	at org.springframework.security.web.FilterChainProxy$VirtualFilterChain.doFilter(FilterChainProxy.java:336)
	at org.springframework.security.web.savedrequest.RequestCacheAwareFilter.doFilter(RequestCacheAwareFilter.java:63)
	at org.springframework.security.web.FilterChainProxy$VirtualFilterChain.doFilter(FilterChainProxy.java:336)
	at de.msg.flight.security.jwt.JwtRequestFilter.doFilterInternal(JwtRequestFilter.java:67)
	at org.springframework.web.filter.OncePerRequestFilter.doFilter(OncePerRequestFilter.java:119)
	at org.springframework.security.web.FilterChainProxy$VirtualFilterChain.doFilter(FilterChainProxy.java:336)
	at org.springframework.security.web.authentication.logout.LogoutFilter.doFilter(LogoutFilter.java:103)
	at org.springframework.security.web.authentication.logout.LogoutFilter.doFilter(LogoutFilter.java:89)
	at org.springframework.security.web.FilterChainProxy$VirtualFilterChain.doFilter(FilterChainProxy.java:336)
	at org.springframework.web.filter.CorsFilter.doFilterInternal(CorsFilter.java:91)
	at org.springframework.web.filter.OncePerRequestFilter.doFilter(OncePerRequestFilter.java:119)
	at org.springframework.security.web.FilterChainProxy$VirtualFilterChain.doFilter(FilterChainProxy.java:336)
	at org.springframework.security.web.header.HeaderWriterFilter.doHeadersAfter(HeaderWriterFilter.java:90)
	at org.springframework.security.web.header.HeaderWriterFilter.doFilterInternal(HeaderWriterFilter.java:75)
	at org.springframework.web.filter.OncePerRequestFilter.doFilter(OncePerRequestFilter.java:119)
	at org.springframework.security.web.FilterChainProxy$VirtualFilterChain.doFilter(FilterChainProxy.java:336)
	at org.springframework.security.web.context.SecurityContextPersistenceFilter.doFilter(SecurityContextPersistenceFilter.java:110)
	at org.springframework.security.web.context.SecurityContextPersistenceFilter.doFilter(SecurityContextPersistenceFilter.java:80)
	at org.springframework.security.web.FilterChainProxy$VirtualFilterChain.doFilter(FilterChainProxy.java:336)
	at org.springframework.security.web.context.request.async.WebAsyncManagerIntegrationFilter.doFilterInternal(WebAsyncManagerIntegrationFilter.java:55)
	at org.springframework.web.filter.OncePerRequestFilter.doFilter(OncePerRequestFilter.java:119)
	at org.springframework.security.web.FilterChainProxy$VirtualFilterChain.doFilter(FilterChainProxy.java:336)
	at org.springframework.security.web.FilterChainProxy.doFilterInternal(FilterChainProxy.java:211)
	at org.springframework.security.web.FilterChainProxy.doFilter(FilterChainProxy.java:183)
	at org.springframework.web.filter.DelegatingFilterProxy.invokeDelegate(DelegatingFilterProxy.java:358)
	at org.springframework.web.filter.DelegatingFilterProxy.doFilter(DelegatingFilterProxy.java:271)
	at org.apache.catalina.core.ApplicationFilterChain.internalDoFilter(ApplicationFilterChain.java:193)
	at org.apache.catalina.core.ApplicationFilterChain.doFilter(ApplicationFilterChain.java:166)
	at org.springframework.web.filter.RequestContextFilter.doFilterInternal(RequestContextFilter.java:100)
	at org.springframework.web.filter.OncePerRequestFilter.doFilter(OncePerRequestFilter.java:119)
	at org.apache.catalina.core.ApplicationFilterChain.internalDoFilter(ApplicationFilterChain.java:193)
	at org.apache.catalina.core.ApplicationFilterChain.doFilter(ApplicationFilterChain.java:166)
	at org.springframework.web.filter.FormContentFilter.doFilterInternal(FormContentFilter.java:93)
	at org.springframework.web.filter.OncePerRequestFilter.doFilter(OncePerRequestFilter.java:119)
	at org.apache.catalina.core.ApplicationFilterChain.internalDoFilter(ApplicationFilterChain.java:193)
	at org.apache.catalina.core.ApplicationFilterChain.doFilter(ApplicationFilterChain.java:166)
	at org.springframework.web.filter.CharacterEncodingFilter.doFilterInternal(CharacterEncodingFilter.java:201)
	at org.springframework.web.filter.OncePerRequestFilter.doFilter(OncePerRequestFilter.java:119)
	at org.apache.catalina.core.ApplicationFilterChain.internalDoFilter(ApplicationFilterChain.java:193)
	at org.apache.catalina.core.ApplicationFilterChain.doFilter(ApplicationFilterChain.java:166)
	at org.apache.catalina.core.StandardWrapperValve.invoke(StandardWrapperValve.java:202)
	at org.apache.catalina.core.StandardContextValve.invoke(StandardContextValve.java:97)
	at org.apache.catalina.authenticator.AuthenticatorBase.invoke(AuthenticatorBase.java:542)
	at org.apache.catalina.core.StandardHostValve.invoke(StandardHostValve.java:143)
	at org.apache.catalina.valves.ErrorReportValve.invoke(ErrorReportValve.java:92)
	at org.apache.catalina.core.StandardEngineValve.invoke(StandardEngineValve.java:78)
	at org.apache.catalina.connector.CoyoteAdapter.service(CoyoteAdapter.java:343)
	at org.apache.coyote.http11.Http11Processor.service(Http11Processor.java:374)
	at org.apache.coyote.AbstractProcessorLight.process(AbstractProcessorLight.java:65)
	at org.apache.coyote.AbstractProtocol$ConnectionHandler.process(AbstractProtocol.java:888)
	at org.apache.tomcat.util.net.NioEndpoint$SocketProcessor.doRun(NioEndpoint.java:1597)
	at org.apache.tomcat.util.net.SocketProcessorBase.run(SocketProcessorBase.java:49)
	at java.util.concurrent.ThreadPoolExecutor.runWorker(ThreadPoolExecutor.java:1142)
	at java.util.concurrent.ThreadPoolExecutor$Worker.run(ThreadPoolExecutor.java:617)
	at org.apache.tomcat.util.threads.TaskThread$WrappingRunnable.run(TaskThread.java:61)
	at java.lang.Thread.run(Thread.java:748)
[2021-02-04T14:24:44.044Z] [ERROR] Cannot delete or update a parent row: a foreign key constraint fails (`flight-manager`.`flight_templates`, CONSTRAINT `FKm69e7cd18wu2bw2ivg7xmew0s` FOREIGN KEY (`plane_id`) REFERENCES `planes` (`id`))
[2021-02-04T14:24:44.044Z] [ERROR] Servlet.service() for servlet [dispatcherServlet] in context with path [] threw exception [Request processing failed; nested exception is org.springframework.dao.DataIntegrityViolationException: could not execute statement; SQL [n/a]; constraint [null]; nested exception is org.hibernate.exception.ConstraintViolationException: could not execute statement] with root cause
java.sql.SQLIntegrityConstraintViolationException: Cannot delete or update a parent row: a foreign key constraint fails (`flight-manager`.`flight_templates`, CONSTRAINT `FKm69e7cd18wu2bw2ivg7xmew0s` FOREIGN KEY (`plane_id`) REFERENCES `planes` (`id`))
	at com.mysql.cj.jdbc.exceptions.SQLError.createSQLException(SQLError.java:117)
	at com.mysql.cj.jdbc.exceptions.SQLError.createSQLException(SQLError.java:97)
	at com.mysql.cj.jdbc.exceptions.SQLExceptionsMapping.translateException(SQLExceptionsMapping.java:122)
	at com.mysql.cj.jdbc.ClientPreparedStatement.executeInternal(ClientPreparedStatement.java:953)
	at com.mysql.cj.jdbc.ClientPreparedStatement.executeUpdateInternal(ClientPreparedStatement.java:1092)
	at com.mysql.cj.jdbc.ClientPreparedStatement.executeUpdateInternal(ClientPreparedStatement.java:1040)
	at com.mysql.cj.jdbc.ClientPreparedStatement.executeLargeUpdate(ClientPreparedStatement.java:1347)
	at com.mysql.cj.jdbc.ClientPreparedStatement.executeUpdate(ClientPreparedStatement.java:1025)
	at com.zaxxer.hikari.pool.ProxyPreparedStatement.executeUpdate(ProxyPreparedStatement.java:61)
	at com.zaxxer.hikari.pool.HikariProxyPreparedStatement.executeUpdate(HikariProxyPreparedStatement.java)
	at org.hibernate.engine.jdbc.internal.ResultSetReturnImpl.executeUpdate(ResultSetReturnImpl.java:197)
	at org.hibernate.engine.jdbc.batch.internal.NonBatchingBatch.addToBatch(NonBatchingBatch.java:46)
	at org.hibernate.persister.entity.AbstractEntityPersister.delete(AbstractEntityPersister.java:3618)
	at org.hibernate.persister.entity.AbstractEntityPersister.delete(AbstractEntityPersister.java:3878)
	at org.hibernate.action.internal.EntityDeleteAction.execute(EntityDeleteAction.java:124)
	at org.hibernate.engine.spi.ActionQueue.executeActions(ActionQueue.java:604)
	at org.hibernate.engine.spi.ActionQueue.lambda$executeActions$1(ActionQueue.java:478)
	at java.util.LinkedHashMap.forEach(LinkedHashMap.java:684)
	at org.hibernate.engine.spi.ActionQueue.executeActions(ActionQueue.java:475)
	at org.hibernate.event.internal.AbstractFlushingEventListener.performExecutions(AbstractFlushingEventListener.java:348)
	at org.hibernate.event.internal.DefaultFlushEventListener.onFlush(DefaultFlushEventListener.java:40)
	at org.hibernate.event.service.internal.EventListenerGroupImpl.fireEventOnEachListener(EventListenerGroupImpl.java:102)
	at org.hibernate.internal.SessionImpl.doFlush(SessionImpl.java:1362)
	at org.hibernate.internal.SessionImpl.managedFlush(SessionImpl.java:453)
	at org.hibernate.internal.SessionImpl.flushBeforeTransactionCompletion(SessionImpl.java:3212)
	at org.hibernate.internal.SessionImpl.beforeTransactionCompletion(SessionImpl.java:2380)
	at org.hibernate.engine.jdbc.internal.JdbcCoordinatorImpl.beforeTransactionCompletion(JdbcCoordinatorImpl.java:447)
	at org.hibernate.resource.transaction.backend.jdbc.internal.JdbcResourceLocalTransactionCoordinatorImpl.beforeCompletionCallback(JdbcResourceLocalTransactionCoordinatorImpl.java:183)
	at org.hibernate.resource.transaction.backend.jdbc.internal.JdbcResourceLocalTransactionCoordinatorImpl.access$300(JdbcResourceLocalTransactionCoordinatorImpl.java:40)
	at org.hibernate.resource.transaction.backend.jdbc.internal.JdbcResourceLocalTransactionCoordinatorImpl$TransactionDriverControlImpl.commit(JdbcResourceLocalTransactionCoordinatorImpl.java:281)
	at org.hibernate.engine.transaction.internal.TransactionImpl.commit(TransactionImpl.java:101)
	at org.springframework.orm.jpa.JpaTransactionManager.doCommit(JpaTransactionManager.java:562)
	at org.springframework.transaction.support.AbstractPlatformTransactionManager.processCommit(AbstractPlatformTransactionManager.java:743)
	at org.springframework.transaction.support.AbstractPlatformTransactionManager.commit(AbstractPlatformTransactionManager.java:711)
	at org.springframework.transaction.interceptor.TransactionAspectSupport.commitTransactionAfterReturning(TransactionAspectSupport.java:654)
	at org.springframework.transaction.interceptor.TransactionAspectSupport.invokeWithinTransaction(TransactionAspectSupport.java:407)
	at org.springframework.transaction.interceptor.TransactionInterceptor.invoke(TransactionInterceptor.java:119)
	at org.springframework.aop.framework.ReflectiveMethodInvocation.proceed(ReflectiveMethodInvocation.java:186)
	at org.springframework.dao.support.PersistenceExceptionTranslationInterceptor.invoke(PersistenceExceptionTranslationInterceptor.java:137)
	at org.springframework.aop.framework.ReflectiveMethodInvocation.proceed(ReflectiveMethodInvocation.java:186)
	at org.springframework.data.jpa.repository.support.CrudMethodMetadataPostProcessor$CrudMethodMetadataPopulatingMethodInterceptor.invoke(CrudMethodMetadataPostProcessor.java:174)
	at org.springframework.aop.framework.ReflectiveMethodInvocation.proceed(ReflectiveMethodInvocation.java:186)
	at org.springframework.aop.interceptor.ExposeInvocationInterceptor.invoke(ExposeInvocationInterceptor.java:97)
	at org.springframework.aop.framework.ReflectiveMethodInvocation.proceed(ReflectiveMethodInvocation.java:186)
	at org.springframework.aop.framework.JdkDynamicAopProxy.invoke(JdkDynamicAopProxy.java:215)
	at com.sun.proxy.$Proxy111.deleteById(Unknown Source)
	at de.msg.flight.service.plane.PlaneService.delete(PlaneService.java:82)
	at de.msg.flight.service.plane.PlaneService.deletePlane(PlaneService.java:60)
	at de.msg.flight.controller.plane.PlaneController.deletePlane(PlaneController.java:85)
	at sun.reflect.NativeMethodAccessorImpl.invoke0(Native Method)
	at sun.reflect.NativeMethodAccessorImpl.invoke(NativeMethodAccessorImpl.java:62)
	at sun.reflect.DelegatingMethodAccessorImpl.invoke(DelegatingMethodAccessorImpl.java:43)
	at java.lang.reflect.Method.invoke(Method.java:498)
	at org.springframework.web.method.support.InvocableHandlerMethod.doInvoke(InvocableHandlerMethod.java:197)
	at org.springframework.web.method.support.InvocableHandlerMethod.invokeForRequest(InvocableHandlerMethod.java:141)
	at org.springframework.web.servlet.mvc.method.annotation.ServletInvocableHandlerMethod.invokeAndHandle(ServletInvocableHandlerMethod.java:106)
	at org.springframework.web.servlet.mvc.method.annotation.RequestMappingHandlerAdapter.invokeHandlerMethod(RequestMappingHandlerAdapter.java:894)
	at org.springframework.web.servlet.mvc.method.annotation.RequestMappingHandlerAdapter.handleInternal(RequestMappingHandlerAdapter.java:808)
	at org.springframework.web.servlet.mvc.method.AbstractHandlerMethodAdapter.handle(AbstractHandlerMethodAdapter.java:87)
	at org.springframework.web.servlet.DispatcherServlet.doDispatch(DispatcherServlet.java:1061)
	at org.springframework.web.servlet.DispatcherServlet.doService(DispatcherServlet.java:961)
	at org.springframework.web.servlet.FrameworkServlet.processRequest(FrameworkServlet.java:1006)
	at org.springframework.web.servlet.FrameworkServlet.doDelete(FrameworkServlet.java:931)
	at javax.servlet.http.HttpServlet.service(HttpServlet.java:658)
	at org.springframework.web.servlet.FrameworkServlet.service(FrameworkServlet.java:883)
	at javax.servlet.http.HttpServlet.service(HttpServlet.java:733)
	at org.apache.catalina.core.ApplicationFilterChain.internalDoFilter(ApplicationFilterChain.java:231)
	at org.apache.catalina.core.ApplicationFilterChain.doFilter(ApplicationFilterChain.java:166)
	at org.apache.tomcat.websocket.server.WsFilter.doFilter(WsFilter.java:53)
	at org.apache.catalina.core.ApplicationFilterChain.internalDoFilter(ApplicationFilterChain.java:193)
	at org.apache.catalina.core.ApplicationFilterChain.doFilter(ApplicationFilterChain.java:166)
	at org.springframework.web.filter.OncePerRequestFilter.doFilter(OncePerRequestFilter.java:113)
	at org.apache.catalina.core.ApplicationFilterChain.internalDoFilter(ApplicationFilterChain.java:193)
	at org.apache.catalina.core.ApplicationFilterChain.doFilter(ApplicationFilterChain.java:166)
	at org.springframework.security.web.FilterChainProxy$VirtualFilterChain.doFilter(FilterChainProxy.java:327)
	at org.springframework.security.web.access.intercept.FilterSecurityInterceptor.invoke(FilterSecurityInterceptor.java:115)
	at org.springframework.security.web.access.intercept.FilterSecurityInterceptor.doFilter(FilterSecurityInterceptor.java:81)
	at org.springframework.security.web.FilterChainProxy$VirtualFilterChain.doFilter(FilterChainProxy.java:336)
	at org.springframework.security.web.access.ExceptionTranslationFilter.doFilter(ExceptionTranslationFilter.java:119)
	at org.springframework.security.web.access.ExceptionTranslationFilter.doFilter(ExceptionTranslationFilter.java:113)
	at org.springframework.security.web.FilterChainProxy$VirtualFilterChain.doFilter(FilterChainProxy.java:336)
	at org.springframework.security.web.session.SessionManagementFilter.doFilter(SessionManagementFilter.java:126)
	at org.springframework.security.web.session.SessionManagementFilter.doFilter(SessionManagementFilter.java:81)
	at org.springframework.security.web.FilterChainProxy$VirtualFilterChain.doFilter(FilterChainProxy.java:336)
	at org.springframework.security.web.authentication.AnonymousAuthenticationFilter.doFilter(AnonymousAuthenticationFilter.java:105)
	at org.springframework.security.web.FilterChainProxy$VirtualFilterChain.doFilter(FilterChainProxy.java:336)
	at org.springframework.security.web.servletapi.SecurityContextHolderAwareRequestFilter.doFilter(SecurityContextHolderAwareRequestFilter.java:149)
	at org.springframework.security.web.FilterChainProxy$VirtualFilterChain.doFilter(FilterChainProxy.java:336)
	at org.springframework.security.web.savedrequest.RequestCacheAwareFilter.doFilter(RequestCacheAwareFilter.java:63)
	at org.springframework.security.web.FilterChainProxy$VirtualFilterChain.doFilter(FilterChainProxy.java:336)
	at de.msg.flight.security.jwt.JwtRequestFilter.doFilterInternal(JwtRequestFilter.java:67)
	at org.springframework.web.filter.OncePerRequestFilter.doFilter(OncePerRequestFilter.java:119)
	at org.springframework.security.web.FilterChainProxy$VirtualFilterChain.doFilter(FilterChainProxy.java:336)
	at org.springframework.security.web.authentication.logout.LogoutFilter.doFilter(LogoutFilter.java:103)
	at org.springframework.security.web.authentication.logout.LogoutFilter.doFilter(LogoutFilter.java:89)
	at org.springframework.security.web.FilterChainProxy$VirtualFilterChain.doFilter(FilterChainProxy.java:336)
	at org.springframework.web.filter.CorsFilter.doFilterInternal(CorsFilter.java:91)
	at org.springframework.web.filter.OncePerRequestFilter.doFilter(OncePerRequestFilter.java:119)
	at org.springframework.security.web.FilterChainProxy$VirtualFilterChain.doFilter(FilterChainProxy.java:336)
	at org.springframework.security.web.header.HeaderWriterFilter.doHeadersAfter(HeaderWriterFilter.java:90)
	at org.springframework.security.web.header.HeaderWriterFilter.doFilterInternal(HeaderWriterFilter.java:75)
	at org.springframework.web.filter.OncePerRequestFilter.doFilter(OncePerRequestFilter.java:119)
	at org.springframework.security.web.FilterChainProxy$VirtualFilterChain.doFilter(FilterChainProxy.java:336)
	at org.springframework.security.web.context.SecurityContextPersistenceFilter.doFilter(SecurityContextPersistenceFilter.java:110)
	at org.springframework.security.web.context.SecurityContextPersistenceFilter.doFilter(SecurityContextPersistenceFilter.java:80)
	at org.springframework.security.web.FilterChainProxy$VirtualFilterChain.doFilter(FilterChainProxy.java:336)
	at org.springframework.security.web.context.request.async.WebAsyncManagerIntegrationFilter.doFilterInternal(WebAsyncManagerIntegrationFilter.java:55)
	at org.springframework.web.filter.OncePerRequestFilter.doFilter(OncePerRequestFilter.java:119)
	at org.springframework.security.web.FilterChainProxy$VirtualFilterChain.doFilter(FilterChainProxy.java:336)
	at org.springframework.security.web.FilterChainProxy.doFilterInternal(FilterChainProxy.java:211)
	at org.springframework.security.web.FilterChainProxy.doFilter(FilterChainProxy.java:183)
	at org.springframework.web.filter.DelegatingFilterProxy.invokeDelegate(DelegatingFilterProxy.java:358)
	at org.springframework.web.filter.DelegatingFilterProxy.doFilter(DelegatingFilterProxy.java:271)
	at org.apache.catalina.core.ApplicationFilterChain.internalDoFilter(ApplicationFilterChain.java:193)
	at org.apache.catalina.core.ApplicationFilterChain.doFilter(ApplicationFilterChain.java:166)
	at org.springframework.web.filter.RequestContextFilter.doFilterInternal(RequestContextFilter.java:100)
	at org.springframework.web.filter.OncePerRequestFilter.doFilter(OncePerRequestFilter.java:119)
	at org.apache.catalina.core.ApplicationFilterChain.internalDoFilter(ApplicationFilterChain.java:193)
	at org.apache.catalina.core.ApplicationFilterChain.doFilter(ApplicationFilterChain.java:166)
	at org.springframework.web.filter.FormContentFilter.doFilterInternal(FormContentFilter.java:93)
	at org.springframework.web.filter.OncePerRequestFilter.doFilter(OncePerRequestFilter.java:119)
	at org.apache.catalina.core.ApplicationFilterChain.internalDoFilter(ApplicationFilterChain.java:193)
	at org.apache.catalina.core.ApplicationFilterChain.doFilter(ApplicationFilterChain.java:166)
	at org.springframework.web.filter.CharacterEncodingFilter.doFilterInternal(CharacterEncodingFilter.java:201)
	at org.springframework.web.filter.OncePerRequestFilter.doFilter(OncePerRequestFilter.java:119)
	at org.apache.catalina.core.ApplicationFilterChain.internalDoFilter(ApplicationFilterChain.java:193)
	at org.apache.catalina.core.ApplicationFilterChain.doFilter(ApplicationFilterChain.java:166)
	at org.apache.catalina.core.StandardWrapperValve.invoke(StandardWrapperValve.java:202)
	at org.apache.catalina.core.StandardContextValve.invoke(StandardContextValve.java:97)
	at org.apache.catalina.authenticator.AuthenticatorBase.invoke(AuthenticatorBase.java:542)
	at org.apache.catalina.core.StandardHostValve.invoke(StandardHostValve.java:143)
	at org.apache.catalina.valves.ErrorReportValve.invoke(ErrorReportValve.java:92)
	at org.apache.catalina.core.StandardEngineValve.invoke(StandardEngineValve.java:78)
	at org.apache.catalina.connector.CoyoteAdapter.service(CoyoteAdapter.java:343)
	at org.apache.coyote.http11.Http11Processor.service(Http11Processor.java:374)
	at org.apache.coyote.AbstractProcessorLight.process(AbstractProcessorLight.java:65)
	at org.apache.coyote.AbstractProtocol$ConnectionHandler.process(AbstractProtocol.java:888)
	at org.apache.tomcat.util.net.NioEndpoint$SocketProcessor.doRun(NioEndpoint.java:1597)
	at org.apache.tomcat.util.net.SocketProcessorBase.run(SocketProcessorBase.java:49)
	at java.util.concurrent.ThreadPoolExecutor.runWorker(ThreadPoolExecutor.java:1142)
	at java.util.concurrent.ThreadPoolExecutor$Worker.run(ThreadPoolExecutor.java:617)
	at org.apache.tomcat.util.threads.TaskThread$WrappingRunnable.run(TaskThread.java:61)
	at java.lang.Thread.run(Thread.java:748)
[2021-02-04T14:26:53.053Z] [INFO ] Starting FlightManagementApp using Java 1.8.0_131 on msgn14297 with PID 19032 (T:\50_WORKSPACES\Training_Workspace\flight-management\target\classes started by keszef in T:\50_WORKSPACES\Training_Workspace\flight-management)
[2021-02-04T14:26:53.053Z] [INFO ] No active profile set, falling back to default profiles: default
[2021-02-04T14:26:55.055Z] [INFO ] Initializing ProtocolHandler ["http-nio-8081"]
[2021-02-04T14:26:55.055Z] [INFO ] Starting service [Tomcat]
[2021-02-04T14:26:55.055Z] [INFO ] Starting Servlet engine: [Apache Tomcat/9.0.41]
[2021-02-04T14:26:55.055Z] [INFO ] Initializing Spring embedded WebApplicationContext
[2021-02-04T14:26:56.056Z] [INFO ] HikariPool-1 - Starting...
[2021-02-04T14:26:56.056Z] [WARN ] Registered driver with driverClassName=com.mysql.jdbc.Driver was not found, trying direct instantiation.
[2021-02-04T14:26:56.056Z] [INFO ] HikariPool-1 - Start completed.
[2021-02-04T14:27:00.000Z] [INFO ] Starting ProtocolHandler ["http-nio-8081"]
[2021-02-04T14:27:00.000Z] [INFO ] Started FlightManagementApp in 6.955 seconds (JVM running for 7.384)
[2021-02-04T14:27:08.008Z] [INFO ] Initializing Spring DispatcherServlet 'dispatcherServlet'
[2021-02-04T14:27:25.025Z] [INFO ] Successfully inserted Airport with id= null
[2021-02-04T14:27:38.038Z] [INFO ] Successfully inserted flight template with id 1.
[2021-02-04T14:27:42.042Z] [INFO ] Successfully deleted Plane with id= 1
[2021-02-04T14:28:00.000Z] [INFO ] Successfully inserted flight template with id 2.
[2021-02-04T14:28:03.003Z] [INFO ] Successfully deleted airport with id=2
[2021-02-04T14:29:27.027Z] [INFO ] Successfully inserted flight template with id 3.
[2021-02-04T14:29:31.031Z] [INFO ] Successfully deleted airport with id=3
[2021-02-04T14:35:31.031Z] [INFO ] Starting FlightManagementApp using Java 1.8.0_131 on msgn14297 with PID 16832 (T:\50_WORKSPACES\Training_Workspace\flight-management\target\classes started by keszef in T:\50_WORKSPACES\Training_Workspace\flight-management)
[2021-02-04T14:35:31.031Z] [INFO ] No active profile set, falling back to default profiles: default
[2021-02-04T14:35:33.033Z] [INFO ] Initializing ProtocolHandler ["http-nio-8081"]
[2021-02-04T14:35:33.033Z] [INFO ] Starting service [Tomcat]
[2021-02-04T14:35:33.033Z] [INFO ] Starting Servlet engine: [Apache Tomcat/9.0.41]
[2021-02-04T14:35:33.033Z] [INFO ] Initializing Spring embedded WebApplicationContext
[2021-02-04T14:35:34.034Z] [INFO ] HikariPool-1 - Starting...
[2021-02-04T14:35:34.034Z] [WARN ] Registered driver with driverClassName=com.mysql.jdbc.Driver was not found, trying direct instantiation.
[2021-02-04T14:35:34.034Z] [INFO ] HikariPool-1 - Start completed.
[2021-02-04T14:35:37.037Z] [INFO ] Starting ProtocolHandler ["http-nio-8081"]
[2021-02-04T14:35:38.038Z] [INFO ] Started FlightManagementApp in 7.209 seconds (JVM running for 7.774)
[2021-02-04T14:36:50.050Z] [INFO ] Initializing Spring DispatcherServlet 'dispatcherServlet'
[2021-02-04T14:36:50.050Z] [WARN ] JWT Token does not begin with Bearer String
[2021-02-04T14:38:12.012Z] [INFO ] Successfully inserted Company with id= 3
[2021-02-04T14:38:34.034Z] [INFO ] Successfully updated Company with id= 3
[2021-02-04T14:38:41.041Z] [INFO ] Successfully deleted Company with id= 3
[2021-02-04T14:38:53.053Z] [INFO ] Successfully inserted Airport with id= null
[2021-02-04T14:39:01.001Z] [INFO ] Successfully updated Airport with id= 1
[2021-02-04T14:39:14.014Z] [INFO ] Successfully inserted flight template with id 1.
[2021-02-04T14:39:17.017Z] [INFO ] Successfully retrieved flight template with id 1
[2021-02-04T14:39:22.022Z] [INFO ] Successfully updated flight template with id 1 .
[2021-02-04T14:39:30.030Z] [INFO ] Successfully deleted airport with id=1
[2021-02-04T14:39:42.042Z] [INFO ] Successfully inserted flight template with id 2.
[2021-02-04T14:40:06.006Z] [INFO ] Successfully inserted Plane with id= 5
[2021-02-04T14:40:18.018Z] [INFO ] Successfully updated Plane with id= 5
[2021-02-04T14:40:42.042Z] [INFO ] Successfully inserted Airport with id= null
[2021-02-04T14:40:54.054Z] [INFO ] Successfully inserted flight template with id 3.
[2021-02-04T14:41:00.000Z] [INFO ] Successfully deleted Plane with id= 5
[2021-02-04T14:41:24.024Z] [WARN ] JWT Token does not begin with Bearer String
[2021-02-04T14:41:39.039Z] [INFO ] Successfully retrieved Planes for Company with id= 2
[2021-02-04T14:41:46.046Z] [INFO ] Successfully retrieved Planes for Company with id= 2
[2021-02-04T14:41:49.049Z] [INFO ] Successfully retrieved Planes for Company with id= 2
[2021-02-04T14:41:53.053Z] [INFO ] Successfully retrieved Planes for Company with id= 2
[2021-02-04T15:09:28.028Z] [WARN ] JWT Token does not begin with Bearer String
[2021-02-05T09:22:28.028Z] [INFO ] Starting FlightManagementApp using Java 1.8.0_131 on msgn14297 with PID 15324 (T:\50_WORKSPACES\Training_Workspace\flight-management\target\classes started by keszef in T:\50_WORKSPACES\Training_Workspace\flight-management)
[2021-02-05T09:22:28.028Z] [INFO ] No active profile set, falling back to default profiles: default
[2021-02-05T09:22:32.032Z] [INFO ] Initializing ProtocolHandler ["http-nio-8081"]
[2021-02-05T09:22:32.032Z] [INFO ] Starting service [Tomcat]
[2021-02-05T09:22:32.032Z] [INFO ] Starting Servlet engine: [Apache Tomcat/9.0.41]
[2021-02-05T09:22:32.032Z] [INFO ] Initializing Spring embedded WebApplicationContext
[2021-02-05T09:22:33.033Z] [INFO ] HikariPool-1 - Starting...
[2021-02-05T09:22:33.033Z] [WARN ] Registered driver with driverClassName=com.mysql.jdbc.Driver was not found, trying direct instantiation.
[2021-02-05T09:22:33.033Z] [INFO ] HikariPool-1 - Start completed.
[2021-02-05T09:22:38.038Z] [INFO ] Starting ProtocolHandler ["http-nio-8081"]
[2021-02-05T09:22:38.038Z] [INFO ] Started FlightManagementApp in 10.473 seconds (JVM running for 11.132)
[2021-02-05T09:41:22.022Z] [INFO ] Initializing Spring DispatcherServlet 'dispatcherServlet'
[2021-02-05T09:41:22.022Z] [WARN ] JWT Token does not begin with Bearer String
[2021-02-05T12:26:02.002Z] [INFO ] Starting FlightManagementApp using Java 1.8.0_131 on msgn14297 with PID 8160 (T:\50_WORKSPACES\Training_Workspace\flight-management\target\classes started by keszef in T:\50_WORKSPACES\Training_Workspace\flight-management)
[2021-02-05T12:26:02.002Z] [INFO ] No active profile set, falling back to default profiles: default
[2021-02-05T12:26:04.004Z] [INFO ] Initializing ProtocolHandler ["http-nio-8081"]
[2021-02-05T12:26:04.004Z] [INFO ] Starting service [Tomcat]
[2021-02-05T12:26:04.004Z] [INFO ] Starting Servlet engine: [Apache Tomcat/9.0.41]
[2021-02-05T12:26:04.004Z] [INFO ] Initializing Spring embedded WebApplicationContext
[2021-02-05T12:26:04.004Z] [INFO ] HikariPool-1 - Starting...
[2021-02-05T12:26:04.004Z] [WARN ] Registered driver with driverClassName=com.mysql.jdbc.Driver was not found, trying direct instantiation.
[2021-02-05T12:26:05.005Z] [INFO ] HikariPool-1 - Start completed.
[2021-02-05T12:26:08.008Z] [INFO ] Starting ProtocolHandler ["http-nio-8081"]
[2021-02-05T12:26:08.008Z] [INFO ] Started FlightManagementApp in 7.084 seconds (JVM running for 7.59)
[2021-02-05T12:26:57.057Z] [INFO ] Initializing Spring DispatcherServlet 'dispatcherServlet'
[2021-02-05T12:26:57.057Z] [WARN ] JWT Token does not begin with Bearer String
[2021-02-05T12:26:57.057Z] [ERROR] Servlet.service() for servlet [dispatcherServlet] in context with path [] threw exception [Handler dispatch failed; nested exception is java.lang.ExceptionInInitializerError] with root cause
java.lang.ClassNotFoundException: Cannot find implementation for de.msg.flight.mapper.user.UserMapper
	at org.mapstruct.factory.Mappers.getMapper(Mappers.java:75)
	at org.mapstruct.factory.Mappers.getMapper(Mappers.java:58)
	at de.msg.flight.mapper.user.UserMapper.<clinit>(UserMapper.java:19)
	at de.msg.flight.service.user.UserService.getUserByUsername(UserService.java:31)
	at de.msg.flight.controller.login.LoginController.getUserByUsernameAndPassword(LoginController.java:41)
	at sun.reflect.NativeMethodAccessorImpl.invoke0(Native Method)
	at sun.reflect.NativeMethodAccessorImpl.invoke(NativeMethodAccessorImpl.java:62)
	at sun.reflect.DelegatingMethodAccessorImpl.invoke(DelegatingMethodAccessorImpl.java:43)
	at java.lang.reflect.Method.invoke(Method.java:498)
	at org.springframework.web.method.support.InvocableHandlerMethod.doInvoke(InvocableHandlerMethod.java:197)
	at org.springframework.web.method.support.InvocableHandlerMethod.invokeForRequest(InvocableHandlerMethod.java:141)
	at org.springframework.web.servlet.mvc.method.annotation.ServletInvocableHandlerMethod.invokeAndHandle(ServletInvocableHandlerMethod.java:106)
	at org.springframework.web.servlet.mvc.method.annotation.RequestMappingHandlerAdapter.invokeHandlerMethod(RequestMappingHandlerAdapter.java:894)
	at org.springframework.web.servlet.mvc.method.annotation.RequestMappingHandlerAdapter.handleInternal(RequestMappingHandlerAdapter.java:808)
	at org.springframework.web.servlet.mvc.method.AbstractHandlerMethodAdapter.handle(AbstractHandlerMethodAdapter.java:87)
	at org.springframework.web.servlet.DispatcherServlet.doDispatch(DispatcherServlet.java:1061)
	at org.springframework.web.servlet.DispatcherServlet.doService(DispatcherServlet.java:961)
	at org.springframework.web.servlet.FrameworkServlet.processRequest(FrameworkServlet.java:1006)
	at org.springframework.web.servlet.FrameworkServlet.doPost(FrameworkServlet.java:909)
	at javax.servlet.http.HttpServlet.service(HttpServlet.java:652)
	at org.springframework.web.servlet.FrameworkServlet.service(FrameworkServlet.java:883)
	at javax.servlet.http.HttpServlet.service(HttpServlet.java:733)
	at org.apache.catalina.core.ApplicationFilterChain.internalDoFilter(ApplicationFilterChain.java:231)
	at org.apache.catalina.core.ApplicationFilterChain.doFilter(ApplicationFilterChain.java:166)
	at org.apache.tomcat.websocket.server.WsFilter.doFilter(WsFilter.java:53)
	at org.apache.catalina.core.ApplicationFilterChain.internalDoFilter(ApplicationFilterChain.java:193)
	at org.apache.catalina.core.ApplicationFilterChain.doFilter(ApplicationFilterChain.java:166)
	at org.springframework.web.filter.OncePerRequestFilter.doFilter(OncePerRequestFilter.java:113)
	at org.apache.catalina.core.ApplicationFilterChain.internalDoFilter(ApplicationFilterChain.java:193)
	at org.apache.catalina.core.ApplicationFilterChain.doFilter(ApplicationFilterChain.java:166)
	at org.springframework.security.web.FilterChainProxy$VirtualFilterChain.doFilter(FilterChainProxy.java:327)
	at org.springframework.security.web.access.intercept.FilterSecurityInterceptor.invoke(FilterSecurityInterceptor.java:115)
	at org.springframework.security.web.access.intercept.FilterSecurityInterceptor.doFilter(FilterSecurityInterceptor.java:81)
	at org.springframework.security.web.FilterChainProxy$VirtualFilterChain.doFilter(FilterChainProxy.java:336)
	at org.springframework.security.web.access.ExceptionTranslationFilter.doFilter(ExceptionTranslationFilter.java:119)
	at org.springframework.security.web.access.ExceptionTranslationFilter.doFilter(ExceptionTranslationFilter.java:113)
	at org.springframework.security.web.FilterChainProxy$VirtualFilterChain.doFilter(FilterChainProxy.java:336)
	at org.springframework.security.web.session.SessionManagementFilter.doFilter(SessionManagementFilter.java:126)
	at org.springframework.security.web.session.SessionManagementFilter.doFilter(SessionManagementFilter.java:81)
	at org.springframework.security.web.FilterChainProxy$VirtualFilterChain.doFilter(FilterChainProxy.java:336)
	at org.springframework.security.web.authentication.AnonymousAuthenticationFilter.doFilter(AnonymousAuthenticationFilter.java:105)
	at org.springframework.security.web.FilterChainProxy$VirtualFilterChain.doFilter(FilterChainProxy.java:336)
	at org.springframework.security.web.servletapi.SecurityContextHolderAwareRequestFilter.doFilter(SecurityContextHolderAwareRequestFilter.java:149)
	at org.springframework.security.web.FilterChainProxy$VirtualFilterChain.doFilter(FilterChainProxy.java:336)
	at org.springframework.security.web.savedrequest.RequestCacheAwareFilter.doFilter(RequestCacheAwareFilter.java:63)
	at org.springframework.security.web.FilterChainProxy$VirtualFilterChain.doFilter(FilterChainProxy.java:336)
	at de.msg.flight.security.jwt.JwtRequestFilter.doFilterInternal(JwtRequestFilter.java:67)
	at org.springframework.web.filter.OncePerRequestFilter.doFilter(OncePerRequestFilter.java:119)
	at org.springframework.security.web.FilterChainProxy$VirtualFilterChain.doFilter(FilterChainProxy.java:336)
	at org.springframework.security.web.authentication.logout.LogoutFilter.doFilter(LogoutFilter.java:103)
	at org.springframework.security.web.authentication.logout.LogoutFilter.doFilter(LogoutFilter.java:89)
	at org.springframework.security.web.FilterChainProxy$VirtualFilterChain.doFilter(FilterChainProxy.java:336)
	at org.springframework.web.filter.CorsFilter.doFilterInternal(CorsFilter.java:91)
	at org.springframework.web.filter.OncePerRequestFilter.doFilter(OncePerRequestFilter.java:119)
	at org.springframework.security.web.FilterChainProxy$VirtualFilterChain.doFilter(FilterChainProxy.java:336)
	at org.springframework.security.web.header.HeaderWriterFilter.doHeadersAfter(HeaderWriterFilter.java:90)
	at org.springframework.security.web.header.HeaderWriterFilter.doFilterInternal(HeaderWriterFilter.java:75)
	at org.springframework.web.filter.OncePerRequestFilter.doFilter(OncePerRequestFilter.java:119)
	at org.springframework.security.web.FilterChainProxy$VirtualFilterChain.doFilter(FilterChainProxy.java:336)
	at org.springframework.security.web.context.SecurityContextPersistenceFilter.doFilter(SecurityContextPersistenceFilter.java:110)
	at org.springframework.security.web.context.SecurityContextPersistenceFilter.doFilter(SecurityContextPersistenceFilter.java:80)
	at org.springframework.security.web.FilterChainProxy$VirtualFilterChain.doFilter(FilterChainProxy.java:336)
	at org.springframework.security.web.context.request.async.WebAsyncManagerIntegrationFilter.doFilterInternal(WebAsyncManagerIntegrationFilter.java:55)
	at org.springframework.web.filter.OncePerRequestFilter.doFilter(OncePerRequestFilter.java:119)
	at org.springframework.security.web.FilterChainProxy$VirtualFilterChain.doFilter(FilterChainProxy.java:336)
	at org.springframework.security.web.FilterChainProxy.doFilterInternal(FilterChainProxy.java:211)
	at org.springframework.security.web.FilterChainProxy.doFilter(FilterChainProxy.java:183)
	at org.springframework.web.filter.DelegatingFilterProxy.invokeDelegate(DelegatingFilterProxy.java:358)
	at org.springframework.web.filter.DelegatingFilterProxy.doFilter(DelegatingFilterProxy.java:271)
	at org.apache.catalina.core.ApplicationFilterChain.internalDoFilter(ApplicationFilterChain.java:193)
	at org.apache.catalina.core.ApplicationFilterChain.doFilter(ApplicationFilterChain.java:166)
	at org.springframework.web.filter.RequestContextFilter.doFilterInternal(RequestContextFilter.java:100)
	at org.springframework.web.filter.OncePerRequestFilter.doFilter(OncePerRequestFilter.java:119)
	at org.apache.catalina.core.ApplicationFilterChain.internalDoFilter(ApplicationFilterChain.java:193)
	at org.apache.catalina.core.ApplicationFilterChain.doFilter(ApplicationFilterChain.java:166)
	at org.springframework.web.filter.FormContentFilter.doFilterInternal(FormContentFilter.java:93)
	at org.springframework.web.filter.OncePerRequestFilter.doFilter(OncePerRequestFilter.java:119)
	at org.apache.catalina.core.ApplicationFilterChain.internalDoFilter(ApplicationFilterChain.java:193)
	at org.apache.catalina.core.ApplicationFilterChain.doFilter(ApplicationFilterChain.java:166)
	at org.springframework.web.filter.CharacterEncodingFilter.doFilterInternal(CharacterEncodingFilter.java:201)
	at org.springframework.web.filter.OncePerRequestFilter.doFilter(OncePerRequestFilter.java:119)
	at org.apache.catalina.core.ApplicationFilterChain.internalDoFilter(ApplicationFilterChain.java:193)
	at org.apache.catalina.core.ApplicationFilterChain.doFilter(ApplicationFilterChain.java:166)
	at org.apache.catalina.core.StandardWrapperValve.invoke(StandardWrapperValve.java:202)
	at org.apache.catalina.core.StandardContextValve.invoke(StandardContextValve.java:97)
	at org.apache.catalina.authenticator.AuthenticatorBase.invoke(AuthenticatorBase.java:542)
	at org.apache.catalina.core.StandardHostValve.invoke(StandardHostValve.java:143)
	at org.apache.catalina.valves.ErrorReportValve.invoke(ErrorReportValve.java:92)
	at org.apache.catalina.core.StandardEngineValve.invoke(StandardEngineValve.java:78)
	at org.apache.catalina.connector.CoyoteAdapter.service(CoyoteAdapter.java:343)
	at org.apache.coyote.http11.Http11Processor.service(Http11Processor.java:374)
	at org.apache.coyote.AbstractProcessorLight.process(AbstractProcessorLight.java:65)
	at org.apache.coyote.AbstractProtocol$ConnectionHandler.process(AbstractProtocol.java:888)
	at org.apache.tomcat.util.net.NioEndpoint$SocketProcessor.doRun(NioEndpoint.java:1597)
	at org.apache.tomcat.util.net.SocketProcessorBase.run(SocketProcessorBase.java:49)
	at java.util.concurrent.ThreadPoolExecutor.runWorker(ThreadPoolExecutor.java:1142)
	at java.util.concurrent.ThreadPoolExecutor$Worker.run(ThreadPoolExecutor.java:617)
	at org.apache.tomcat.util.threads.TaskThread$WrappingRunnable.run(TaskThread.java:61)
	at java.lang.Thread.run(Thread.java:748)
[2021-02-05T12:28:01.001Z] [INFO ] Starting FlightManagementApp using Java 1.8.0_131 on msgn14297 with PID 15804 (T:\50_WORKSPACES\Training_Workspace\flight-management\target\classes started by keszef in T:\50_WORKSPACES\Training_Workspace\flight-management)
[2021-02-05T12:28:01.001Z] [INFO ] No active profile set, falling back to default profiles: default
[2021-02-05T12:28:03.003Z] [INFO ] Initializing ProtocolHandler ["http-nio-8081"]
[2021-02-05T12:28:03.003Z] [INFO ] Starting service [Tomcat]
[2021-02-05T12:28:03.003Z] [INFO ] Starting Servlet engine: [Apache Tomcat/9.0.41]
[2021-02-05T12:28:03.003Z] [INFO ] Initializing Spring embedded WebApplicationContext
[2021-02-05T12:28:04.004Z] [INFO ] HikariPool-1 - Starting...
[2021-02-05T12:28:04.004Z] [WARN ] Registered driver with driverClassName=com.mysql.jdbc.Driver was not found, trying direct instantiation.
[2021-02-05T12:28:04.004Z] [INFO ] HikariPool-1 - Start completed.
[2021-02-05T12:28:09.009Z] [INFO ] Starting ProtocolHandler ["http-nio-8081"]
[2021-02-05T12:28:09.009Z] [INFO ] Started FlightManagementApp in 7.541 seconds (JVM running for 8.119)
[2021-02-05T12:28:18.018Z] [INFO ] Initializing Spring DispatcherServlet 'dispatcherServlet'
[2021-02-05T12:28:18.018Z] [WARN ] JWT Token does not begin with Bearer String
[2021-02-05T12:36:11.011Z] [WARN ] JWT Token does not begin with Bearer String
[2021-02-05T12:42:21.021Z] [INFO ] Starting FlightManagementApp using Java 1.8.0_131 on msgn14297 with PID 16644 (T:\50_WORKSPACES\Training_Workspace\flight-management\target\classes started by keszef in T:\50_WORKSPACES\Training_Workspace\flight-management)
[2021-02-05T12:42:21.021Z] [INFO ] No active profile set, falling back to default profiles: default
[2021-02-05T12:42:24.024Z] [INFO ] Initializing ProtocolHandler ["http-nio-8081"]
[2021-02-05T12:42:24.024Z] [INFO ] Starting service [Tomcat]
[2021-02-05T12:42:24.024Z] [INFO ] Starting Servlet engine: [Apache Tomcat/9.0.41]
[2021-02-05T12:42:24.024Z] [INFO ] Initializing Spring embedded WebApplicationContext
[2021-02-05T12:42:25.025Z] [INFO ] HikariPool-1 - Starting...
[2021-02-05T12:42:25.025Z] [WARN ] Registered driver with driverClassName=com.mysql.jdbc.Driver was not found, trying direct instantiation.
[2021-02-05T12:42:25.025Z] [INFO ] HikariPool-1 - Start completed.
[2021-02-05T12:42:31.031Z] [INFO ] Starting ProtocolHandler ["http-nio-8081"]
[2021-02-05T12:42:31.031Z] [INFO ] Started FlightManagementApp in 11.464 seconds (JVM running for 12.234)
[2021-02-05T12:42:45.045Z] [INFO ] Initializing Spring DispatcherServlet 'dispatcherServlet'
[2021-02-05T12:48:50.050Z] [INFO ] Starting FlightManagementApp using Java 1.8.0_131 on msgn14297 with PID 17088 (T:\50_WORKSPACES\Training_Workspace\flight-management\target\classes started by keszef in T:\50_WORKSPACES\Training_Workspace\flight-management)
[2021-02-05T12:48:50.050Z] [INFO ] No active profile set, falling back to default profiles: default
[2021-02-05T12:48:54.054Z] [INFO ] Initializing ProtocolHandler ["http-nio-8081"]
[2021-02-05T12:48:54.054Z] [INFO ] Starting service [Tomcat]
[2021-02-05T12:48:54.054Z] [INFO ] Starting Servlet engine: [Apache Tomcat/9.0.41]
[2021-02-05T12:48:54.054Z] [INFO ] Initializing Spring embedded WebApplicationContext
[2021-02-05T12:48:56.056Z] [INFO ] HikariPool-1 - Starting...
[2021-02-05T12:48:56.056Z] [WARN ] Registered driver with driverClassName=com.mysql.jdbc.Driver was not found, trying direct instantiation.
[2021-02-05T12:48:56.056Z] [INFO ] HikariPool-1 - Start completed.
[2021-02-05T12:49:04.004Z] [INFO ] Starting ProtocolHandler ["http-nio-8081"]
[2021-02-05T12:49:04.004Z] [INFO ] Started FlightManagementApp in 15.372 seconds (JVM running for 17.176)
[2021-02-05T12:49:27.027Z] [INFO ] Initializing Spring DispatcherServlet 'dispatcherServlet'
[2021-02-05T12:49:27.027Z] [WARN ] JWT Token does not begin with Bearer String
[2021-02-05T12:56:14.014Z] [INFO ] Starting FlightManagementApp using Java 1.8.0_131 on msgn14297 with PID 15260 (T:\50_WORKSPACES\Training_Workspace\flight-management\target\classes started by keszef in T:\50_WORKSPACES\Training_Workspace\flight-management)
[2021-02-05T12:56:14.014Z] [INFO ] No active profile set, falling back to default profiles: default
[2021-02-05T12:56:17.017Z] [INFO ] Initializing ProtocolHandler ["http-nio-8081"]
[2021-02-05T12:56:17.017Z] [INFO ] Starting service [Tomcat]
[2021-02-05T12:56:17.017Z] [INFO ] Starting Servlet engine: [Apache Tomcat/9.0.41]
[2021-02-05T12:56:18.018Z] [INFO ] Initializing Spring embedded WebApplicationContext
[2021-02-05T12:56:19.019Z] [INFO ] HikariPool-1 - Starting...
[2021-02-05T12:56:19.019Z] [WARN ] Registered driver with driverClassName=com.mysql.jdbc.Driver was not found, trying direct instantiation.
[2021-02-05T12:56:19.019Z] [INFO ] HikariPool-1 - Start completed.
[2021-02-05T12:56:28.028Z] [INFO ] Starting ProtocolHandler ["http-nio-8081"]
[2021-02-05T12:56:28.028Z] [INFO ] Started FlightManagementApp in 14.669 seconds (JVM running for 16.552)
[2021-02-05T12:56:35.035Z] [INFO ] Initializing Spring DispatcherServlet 'dispatcherServlet'
[2021-02-05T12:56:35.035Z] [WARN ] JWT Token does not begin with Bearer String
[2021-02-05T13:09:30.030Z] [INFO ] Starting FlightManagementApp using Java 1.8.0_131 on msgn14297 with PID 15252 (T:\50_WORKSPACES\Training_Workspace\flight-management\target\classes started by keszef in T:\50_WORKSPACES\Training_Workspace\flight-management)
[2021-02-05T13:09:30.030Z] [INFO ] No active profile set, falling back to default profiles: default
[2021-02-05T13:09:33.033Z] [INFO ] Initializing ProtocolHandler ["http-nio-8081"]
[2021-02-05T13:09:33.033Z] [INFO ] Starting service [Tomcat]
[2021-02-05T13:09:33.033Z] [INFO ] Starting Servlet engine: [Apache Tomcat/9.0.41]
[2021-02-05T13:09:33.033Z] [INFO ] Initializing Spring embedded WebApplicationContext
[2021-02-05T13:09:34.034Z] [INFO ] HikariPool-1 - Starting...
[2021-02-05T13:09:34.034Z] [WARN ] Registered driver with driverClassName=com.mysql.jdbc.Driver was not found, trying direct instantiation.
[2021-02-05T13:09:34.034Z] [INFO ] HikariPool-1 - Start completed.
[2021-02-05T13:09:39.039Z] [INFO ] Starting ProtocolHandler ["http-nio-8081"]
[2021-02-05T13:09:39.039Z] [INFO ] Started FlightManagementApp in 9.044 seconds (JVM running for 9.697)
[2021-02-05T13:09:55.055Z] [INFO ] Initializing Spring DispatcherServlet 'dispatcherServlet'
[2021-02-05T13:09:55.055Z] [WARN ] JWT Token does not begin with Bearer String
[2021-02-05T13:11:26.026Z] [WARN ] JWT Token does not begin with Bearer String
[2021-02-05T13:45:59.059Z] [INFO ] Starting FlightManagementApp using Java 1.8.0_131 on msgn14297 with PID 12484 (T:\50_WORKSPACES\Training_Workspace\flight-management\target\classes started by keszef in T:\50_WORKSPACES\Training_Workspace\flight-management)
[2021-02-05T13:45:59.059Z] [INFO ] No active profile set, falling back to default profiles: default
[2021-02-05T13:46:03.003Z] [INFO ] Initializing ProtocolHandler ["http-nio-8081"]
[2021-02-05T13:46:03.003Z] [INFO ] Starting service [Tomcat]
[2021-02-05T13:46:03.003Z] [INFO ] Starting Servlet engine: [Apache Tomcat/9.0.41]
[2021-02-05T13:46:03.003Z] [INFO ] Initializing Spring embedded WebApplicationContext
[2021-02-05T13:46:04.004Z] [INFO ] HikariPool-1 - Starting...
[2021-02-05T13:46:04.004Z] [WARN ] Registered driver with driverClassName=com.mysql.jdbc.Driver was not found, trying direct instantiation.
[2021-02-05T13:46:05.005Z] [INFO ] HikariPool-1 - Start completed.
[2021-02-05T13:46:10.010Z] [INFO ] Starting ProtocolHandler ["http-nio-8081"]
[2021-02-05T13:46:10.010Z] [INFO ] Started FlightManagementApp in 11.75 seconds (JVM running for 12.526)
[2021-02-05T13:46:49.049Z] [INFO ] Initializing Spring DispatcherServlet 'dispatcherServlet'
[2021-02-05T13:46:49.049Z] [WARN ] JWT Token does not begin with Bearer String
[2021-02-05T13:47:03.003Z] [WARN ] JWT Token does not begin with Bearer String
